Started by user [8mha:////4MSKMf95BCorUMFBpaipxIPfxGBCfIZDmBA6g/4P/UTJAAAAmB+LCAAAAAAAAP9b85aBtbiIQTGjNKU4P08vOT+vOD8nVc83PyU1x6OyILUoJzMv2y+/JJUBAhiZGBgqihhk0NSjKDWzXb3RdlLBUSYGJk8GtpzUvPSSDB8G5tKinBIGIZ+sxLJE/ZzEvHT94JKizLx0a6BxUmjGOUNodHsLgAy2EgYe/dLi1CL9lNSy/IJiAEFU5gjBAAAA[0mdevops
Running as SYSTEM
Building on master in workspace /home/labsuser/jenkins/workspace/p1-j2-test
[p1-j2-test] $ mvn test
[INFO] Scanning for projects...
[INFO] ------------------------------------------------------------------------
[INFO] BUILD FAILURE
[INFO] ------------------------------------------------------------------------
[INFO] Total time:  0.073 s
[INFO] Finished at: 2021-09-05T14:18:47Z
[INFO] ------------------------------------------------------------------------
[8mha:////4PEpCDZ6aihMQklyuCmW4BoZCLFFWpEakb1u9vUHGiwRAAAAYB+LCAAAAAAAAP9b85aBtbiIQSmjNKU4P0+vJLE4u1gvPjexLDVPzxdEuhYV5Rf55Zek1m9pfpLfVWLNxMBQUcQgBdWQnJ9XnJ+TqucMoUEKGSCAEaSwAABqVhoSYAAAAA==[0m[ERROR] The goal you specified requires a project to execute but there is no POM in this directory (/home/labsuser/jenkins/workspace/p1-j2-test). Please verify you invoked Maven from the correct directory. -> [Help 1]
[8mha:////4PEpCDZ6aihMQklyuCmW4BoZCLFFWpEakb1u9vUHGiwRAAAAYB+LCAAAAAAAAP9b85aBtbiIQSmjNKU4P0+vJLE4u1gvPjexLDVPzxdEuhYV5Rf55Zek1m9pfpLfVWLNxMBQUcQgBdWQnJ9XnJ+TqucMoUEKGSCAEaSwAABqVhoSYAAAAA==[0m[ERROR] 
[8mha:////4PEpCDZ6aihMQklyuCmW4BoZCLFFWpEakb1u9vUHGiwRAAAAYB+LCAAAAAAAAP9b85aBtbiIQSmjNKU4P0+vJLE4u1gvPjexLDVPzxdEuhYV5Rf55Zek1m9pfpLfVWLNxMBQUcQgBdWQnJ9XnJ+TqucMoUEKGSCAEaSwAABqVhoSYAAAAA==[0m[ERROR] To see the full stack trace of the errors, re-run Maven with the -e switch.
[8mha:////4PEpCDZ6aihMQklyuCmW4BoZCLFFWpEakb1u9vUHGiwRAAAAYB+LCAAAAAAAAP9b85aBtbiIQSmjNKU4P0+vJLE4u1gvPjexLDVPzxdEuhYV5Rf55Zek1m9pfpLfVWLNxMBQUcQgBdWQnJ9XnJ+TqucMoUEKGSCAEaSwAABqVhoSYAAAAA==[0m[ERROR] Re-run Maven using the -X switch to enable full debug logging.
[8mha:////4PEpCDZ6aihMQklyuCmW4BoZCLFFWpEakb1u9vUHGiwRAAAAYB+LCAAAAAAAAP9b85aBtbiIQSmjNKU4P0+vJLE4u1gvPjexLDVPzxdEuhYV5Rf55Zek1m9pfpLfVWLNxMBQUcQgBdWQnJ9XnJ+TqucMoUEKGSCAEaSwAABqVhoSYAAAAA==[0m[ERROR] 
[8mha:////4PEpCDZ6aihMQklyuCmW4BoZCLFFWpEakb1u9vUHGiwRAAAAYB+LCAAAAAAAAP9b85aBtbiIQSmjNKU4P0+vJLE4u1gvPjexLDVPzxdEuhYV5Rf55Zek1m9pfpLfVWLNxMBQUcQgBdWQnJ9XnJ+TqucMoUEKGSCAEaSwAABqVhoSYAAAAA==[0m[ERROR] For more information about the errors and possible solutions, please read the following articles:
[8mha:////4PEpCDZ6aihMQklyuCmW4BoZCLFFWpEakb1u9vUHGiwRAAAAYB+LCAAAAAAAAP9b85aBtbiIQSmjNKU4P0+vJLE4u1gvPjexLDVPzxdEuhYV5Rf55Zek1m9pfpLfVWLNxMBQUcQgBdWQnJ9XnJ+TqucMoUEKGSCAEaSwAABqVhoSYAAAAA==[0m[ERROR] [Help 1] http://cwiki.apache.org/confluence/display/MAVEN/MissingProjectException
Build step 'Invoke top-level Maven targets' marked build as failure
Finished: FAILURE
