Started by user [8mha:////4MSKMf95BCorUMFBpaipxIPfxGBCfIZDmBA6g/4P/UTJAAAAmB+LCAAAAAAAAP9b85aBtbiIQTGjNKU4P08vOT+vOD8nVc83PyU1x6OyILUoJzMv2y+/JJUBAhiZGBgqihhk0NSjKDWzXb3RdlLBUSYGJk8GtpzUvPSSDB8G5tKinBIGIZ+sxLJE/ZzEvHT94JKizLx0a6BxUmjGOUNodHsLgAy2EgYe/dLi1CL9lNSy/IJiAEFU5gjBAAAA[0mdevops
Running as SYSTEM
Building on master in workspace /home/labsuser/jenkins/workspace/p1-j2-test
The recommended git tool is: NONE
No credentials specified
Cloning the remote Git repository
Cloning repository https://github.com/javeedsocial/bookzy.git
 > git init /home/labsuser/jenkins/workspace/p1-j2-test # timeout=10
Fetching upstream changes from https://github.com/javeedsocial/bookzy.git
 > git --version # timeout=10
 > git --version # 'git version 2.31.0'
 > git fetch --tags --force --progress -- https://github.com/javeedsocial/bookzy.git +refs/heads/*:refs/remotes/origin/* # timeout=10
 > git config remote.origin.url https://github.com/javeedsocial/bookzy.git # timeout=10
 > git config --add remote.origin.fetch +refs/heads/*:refs/remotes/origin/* # timeout=10
Avoid second fetch
 > git rev-parse refs/remotes/origin/master^{commit} # timeout=10
Checking out Revision 844f54d824bd70986b0545442240800309ce236b (refs/remotes/origin/master)
 > git config core.sparsecheckout # timeout=10
 > git checkout -f 844f54d824bd70986b0545442240800309ce236b # timeout=10
Commit message: "Update pom.xml"
First time build. Skipping changelog.
[p1-j2-test] $ mvn test
[INFO] Scanning for projects...
[INFO] 
[INFO] -------------------------< com.bookzy:webapp >--------------------------
[INFO] Building webapp 0.0.1-SNAPSHOT
[INFO] --------------------------------[ war ]---------------------------------
Downloading from central: https://repo.maven.apache.org/maven2/org/springframework/boot/spring-boot-test-autoconfigure/2.2.2.RELEASE/spring-boot-test-autoconfigure-2.2.2.RELEASE.jar
Downloading from central: https://repo.maven.apache.org/maven2/net/bytebuddy/byte-buddy-agent/1.10.4/byte-buddy-agent-1.10.4.jar
Downloading from central: https://repo.maven.apache.org/maven2/net/bytebuddy/byte-buddy/1.10.4/byte-buddy-1.10.4.jar
Downloading from central: https://repo.maven.apache.org/maven2/org/springframework/boot/spring-boot-starter-test/2.2.2.RELEASE/spring-boot-starter-test-2.2.2.RELEASE.jar
Downloading from central: https://repo.maven.apache.org/maven2/org/springframework/boot/spring-boot-test/2.2.2.RELEASE/spring-boot-test-2.2.2.RELEASE.jar
Progress (1): 401 BProgress (2): 401 B | 2.7/210 kBProgress (3): 401 B | 2.7/210 kB | 2.7/158 kBProgress (4): 401 B | 2.7/210 kB | 2.7/158 kB | 2.7/258 kBProgress (4): 401 B | 5.5/210 kB | 2.7/158 kB | 2.7/258 kBProgress (4): 401 B | 8.2/210 kB | 2.7/158 kB | 2.7/258 kBProgress (4): 401 B | 8.2/210 kB | 5.5/158 kB | 2.7/258 kBProgress (4): 401 B | 11/210 kB | 5.5/158 kB | 2.7/258 kB Progress (4): 401 B | 11/210 kB | 8.2/158 kB | 2.7/258 kBProgress (5): 401 B | 11/210 kB | 8.2/158 kB | 2.7/258 kB | 0/3.3 MBProgress (5): 401 B | 11/210 kB | 11/158 kB | 2.7/258 kB | 0/3.3 MB Progress (5): 401 B | 11/210 kB | 11/158 kB | 5.5/258 kB | 0/3.3 MBProgress (5): 401 B | 14/210 kB | 11/158 kB | 5.5/258 kB | 0/3.3 MBProgress (5): 401 B | 14/210 kB | 14/158 kB | 5.5/258 kB | 0/3.3 MBProgress (5): 401 B | 16/210 kB | 14/158 kB | 5.5/258 kB | 0/3.3 MBProgress (5): 401 B | 16/210 kB | 14/158 kB | 8.2/258 kB | 0/3.3 MBProgress (5): 401 B | 16/210 kB | 14/158 kB | 8.2/258 kB | 0/3.3 MBProgress (5): 401 B | 16/210 kB | 14/158 kB | 11/258 kB | 0/3.3 MB Progress (5): 401 B | 16/210 kB | 14/158 kB | 14/258 kB | 0/3.3 MBProgress (5): 401 B | 19/210 kB | 14/158 kB | 14/258 kB | 0/3.3 MBProgress (5): 401 B | 19/210 kB | 16/158 kB | 14/258 kB | 0/3.3 MBProgress (5): 401 B | 22/210 kB | 16/158 kB | 14/258 kB | 0/3.3 MBProgress (5): 401 B | 22/210 kB | 16/158 kB | 14/258 kB | 0/3.3 MBProgress (5): 401 B | 25/210 kB | 16/158 kB | 14/258 kB | 0/3.3 MBProgress (5): 401 B | 27/210 kB | 16/158 kB | 14/258 kB | 0/3.3 MBProgress (5): 401 B | 27/210 kB | 16/158 kB | 16/258 kB | 0/3.3 MBProgress (5): 401 B | 27/210 kB | 16/158 kB | 19/258 kB | 0/3.3 MBProgress (5): 401 B | 30/210 kB | 16/158 kB | 19/258 kB | 0/3.3 MBProgress (5): 401 B | 30/210 kB | 16/158 kB | 22/258 kB | 0/3.3 MBProgress (5): 401 B | 30/210 kB | 16/158 kB | 25/258 kB | 0/3.3 MBProgress (5): 401 B | 30/210 kB | 16/158 kB | 27/258 kB | 0/3.3 MBProgress (5): 401 B | 30/210 kB | 19/158 kB | 27/258 kB | 0/3.3 MBProgress (5): 401 B | 30/210 kB | 19/158 kB | 30/258 kB | 0/3.3 MBProgress (5): 401 B | 33/210 kB | 19/158 kB | 30/258 kB | 0/3.3 MBProgress (5): 401 B | 33/210 kB | 19/158 kB | 30/258 kB | 0.1/3.3 MBProgress (5): 401 B | 36/210 kB | 19/158 kB | 30/258 kB | 0.1/3.3 MBProgress (5): 401 B | 36/210 kB | 19/158 kB | 33/258 kB | 0.1/3.3 MBProgress (5): 401 B | 36/210 kB | 22/158 kB | 33/258 kB | 0.1/3.3 MBProgress (5): 401 B | 36/210 kB | 22/158 kB | 33/258 kB | 0.1/3.3 MBProgress (5): 401 B | 38/210 kB | 22/158 kB | 33/258 kB | 0.1/3.3 MBProgress (5): 401 B | 38/210 kB | 25/158 kB | 33/258 kB | 0.1/3.3 MBProgress (5): 401 B | 38/210 kB | 25/158 kB | 36/258 kB | 0.1/3.3 MBProgress (5): 401 B | 38/210 kB | 27/158 kB | 36/258 kB | 0.1/3.3 MBProgress (5): 401 B | 38/210 kB | 27/158 kB | 38/258 kB | 0.1/3.3 MBProgress (5): 401 B | 41/210 kB | 27/158 kB | 38/258 kB | 0.1/3.3 MBProgress (5): 401 B | 41/210 kB | 27/158 kB | 41/258 kB | 0.1/3.3 MBProgress (5): 401 B | 41/210 kB | 27/158 kB | 41/258 kB | 0.1/3.3 MBProgress (5): 401 B | 41/210 kB | 30/158 kB | 41/258 kB | 0.1/3.3 MBProgress (5): 401 B | 41/210 kB | 30/158 kB | 41/258 kB | 0.1/3.3 MBProgress (5): 401 B | 41/210 kB | 30/158 kB | 44/258 kB | 0.1/3.3 MBProgress (5): 401 B | 41/210 kB | 30/158 kB | 47/258 kB | 0.1/3.3 MBProgress (5): 401 B | 41/210 kB | 30/158 kB | 49/258 kB | 0.1/3.3 MBProgress (5): 401 B | 41/210 kB | 30/158 kB | 52/258 kB | 0.1/3.3 MBProgress (5): 401 B | 44/210 kB | 30/158 kB | 52/258 kB | 0.1/3.3 MBProgress (5): 401 B | 44/210 kB | 30/158 kB | 55/258 kB | 0.1/3.3 MBProgress (5): 401 B | 44/210 kB | 30/158 kB | 55/258 kB | 0.1/3.3 MBProgress (5): 401 B | 44/210 kB | 33/158 kB | 55/258 kB | 0.1/3.3 MBProgress (5): 401 B | 44/210 kB | 33/158 kB | 58/258 kB | 0.1/3.3 MBProgress (5): 401 B | 47/210 kB | 33/158 kB | 58/258 kB | 0.1/3.3 MBProgress (5): 401 B | 47/210 kB | 33/158 kB | 60/258 kB | 0.1/3.3 MBProgress (5): 401 B | 47/210 kB | 36/158 kB | 60/258 kB | 0.1/3.3 MBProgress (5): 401 B | 47/210 kB | 36/158 kB | 63/258 kB | 0.1/3.3 MBProgress (5): 401 B | 49/210 kB | 36/158 kB | 63/258 kB | 0.1/3.3 MBProgress (5): 401 B | 49/210 kB | 36/158 kB | 63/258 kB | 0.1/3.3 MBProgress (5): 401 B | 49/210 kB | 36/158 kB | 66/258 kB | 0.1/3.3 MBProgress (5): 401 B | 49/210 kB | 38/158 kB | 66/258 kB | 0.1/3.3 MBProgress (5): 401 B | 52/210 kB | 38/158 kB | 66/258 kB | 0.1/3.3 MBProgress (5): 401 B | 52/210 kB | 38/158 kB | 66/258 kB | 0.2/3.3 MBProgress (5): 401 B | 52/210 kB | 38/158 kB | 66/258 kB | 0.2/3.3 MBProgress (5): 401 B | 52/210 kB | 38/158 kB | 70/258 kB | 0.2/3.3 MBProgress (5): 401 B | 55/210 kB | 38/158 kB | 70/258 kB | 0.2/3.3 MBProgress (5): 401 B | 58/210 kB | 38/158 kB | 70/258 kB | 0.2/3.3 MBProgress (5): 401 B | 60/210 kB | 38/158 kB | 70/258 kB | 0.2/3.3 MBProgress (5): 401 B | 63/210 kB | 38/158 kB | 70/258 kB | 0.2/3.3 MB                                                                    Downloaded from central: https://repo.maven.apache.org/maven2/org/springframework/boot/spring-boot-starter-test/2.2.2.RELEASE/spring-boot-starter-test-2.2.2.RELEASE.jar (401 B at 335 B/s)
Progress (4): 63/210 kB | 38/158 kB | 70/258 kB | 0.2/3.3 MBProgress (4): 63/210 kB | 41/158 kB | 70/258 kB | 0.2/3.3 MB                                                            Downloading from central: https://repo.maven.apache.org/maven2/org/springframework/spring-test/5.2.2.RELEASE/spring-test-5.2.2.RELEASE.jar
Progress (4): 66/210 kB | 41/158 kB | 70/258 kB | 0.2/3.3 MBProgress (4): 66/210 kB | 41/158 kB | 74/258 kB | 0.2/3.3 MBProgress (4): 66/210 kB | 44/158 kB | 74/258 kB | 0.2/3.3 MBProgress (4): 66/210 kB | 44/158 kB | 74/258 kB | 0.2/3.3 MBProgress (4): 66/210 kB | 44/158 kB | 78/258 kB | 0.2/3.3 MBProgress (4): 66/210 kB | 47/158 kB | 78/258 kB | 0.2/3.3 MBProgress (4): 70/210 kB | 47/158 kB | 78/258 kB | 0.2/3.3 MBProgress (4): 70/210 kB | 47/158 kB | 78/258 kB | 0.2/3.3 MBProgress (4): 70/210 kB | 47/158 kB | 82/258 kB | 0.2/3.3 MBProgress (4): 74/210 kB | 47/158 kB | 82/258 kB | 0.2/3.3 MBProgress (4): 74/210 kB | 49/158 kB | 82/258 kB | 0.2/3.3 MBProgress (4): 78/210 kB | 49/158 kB | 82/258 kB | 0.2/3.3 MBProgress (4): 78/210 kB | 49/158 kB | 86/258 kB | 0.2/3.3 MBProgress (4): 78/210 kB | 52/158 kB | 86/258 kB | 0.2/3.3 MBProgress (4): 78/210 kB | 52/158 kB | 90/258 kB | 0.2/3.3 MBProgress (4): 78/210 kB | 52/158 kB | 90/258 kB | 0.2/3.3 MBProgress (4): 82/210 kB | 52/158 kB | 90/258 kB | 0.2/3.3 MBProgress (4): 82/210 kB | 52/158 kB | 90/258 kB | 0.3/3.3 MBProgress (4): 86/210 kB | 52/158 kB | 90/258 kB | 0.3/3.3 MBProgress (4): 86/210 kB | 55/158 kB | 90/258 kB | 0.3/3.3 MBProgress (4): 90/210 kB | 55/158 kB | 90/258 kB | 0.3/3.3 MBProgress (4): 90/210 kB | 55/158 kB | 94/258 kB | 0.3/3.3 MBProgress (4): 90/210 kB | 55/158 kB | 94/258 kB | 0.3/3.3 MBProgress (4): 90/210 kB | 58/158 kB | 94/258 kB | 0.3/3.3 MBProgress (4): 90/210 kB | 60/158 kB | 94/258 kB | 0.3/3.3 MBProgress (4): 90/210 kB | 63/158 kB | 94/258 kB | 0.3/3.3 MBProgress (4): 90/210 kB | 66/158 kB | 94/258 kB | 0.3/3.3 MBProgress (4): 90/210 kB | 66/158 kB | 99/258 kB | 0.3/3.3 MBProgress (4): 94/210 kB | 66/158 kB | 99/258 kB | 0.3/3.3 MBProgress (4): 94/210 kB | 66/158 kB | 99/258 kB | 0.3/3.3 MBProgress (4): 99/210 kB | 66/158 kB | 99/258 kB | 0.3/3.3 MBProgress (4): 99/210 kB | 66/158 kB | 103/258 kB | 0.3/3.3 MBProgress (4): 99/210 kB | 66/158 kB | 103/258 kB | 0.3/3.3 MBProgress (4): 103/210 kB | 66/158 kB | 103/258 kB | 0.3/3.3 MBProgress (4): 103/210 kB | 66/158 kB | 107/258 kB | 0.3/3.3 MBProgress (4): 107/210 kB | 66/158 kB | 107/258 kB | 0.3/3.3 MBProgress (4): 107/210 kB | 70/158 kB | 107/258 kB | 0.3/3.3 MBProgress (4): 111/210 kB | 70/158 kB | 107/258 kB | 0.3/3.3 MBProgress (4): 111/210 kB | 70/158 kB | 111/258 kB | 0.3/3.3 MBProgress (4): 115/210 kB | 70/158 kB | 111/258 kB | 0.3/3.3 MBProgress (4): 115/210 kB | 74/158 kB | 111/258 kB | 0.3/3.3 MBProgress (4): 115/210 kB | 78/158 kB | 111/258 kB | 0.3/3.3 MBProgress (4): 115/210 kB | 82/158 kB | 111/258 kB | 0.3/3.3 MBProgress (4): 115/210 kB | 82/158 kB | 111/258 kB | 0.3/3.3 MBProgress (4): 115/210 kB | 86/158 kB | 111/258 kB | 0.3/3.3 MBProgress (4): 115/210 kB | 90/158 kB | 111/258 kB | 0.3/3.3 MBProgress (4): 115/210 kB | 94/158 kB | 111/258 kB | 0.3/3.3 MBProgress (4): 115/210 kB | 99/158 kB | 111/258 kB | 0.3/3.3 MBProgress (4): 119/210 kB | 99/158 kB | 111/258 kB | 0.3/3.3 MBProgress (4): 119/210 kB | 99/158 kB | 115/258 kB | 0.3/3.3 MBProgress (4): 123/210 kB | 99/158 kB | 115/258 kB | 0.3/3.3 MBProgress (4): 127/210 kB | 99/158 kB | 115/258 kB | 0.3/3.3 MBProgress (4): 127/210 kB | 103/158 kB | 115/258 kB | 0.3/3.3 MBProgress (4): 127/210 kB | 107/158 kB | 115/258 kB | 0.3/3.3 MBProgress (4): 127/210 kB | 109/158 kB | 115/258 kB | 0.3/3.3 MBProgress (4): 127/210 kB | 113/158 kB | 115/258 kB | 0.3/3.3 MBProgress (4): 127/210 kB | 113/158 kB | 115/258 kB | 0.3/3.3 MBProgress (4): 127/210 kB | 117/158 kB | 115/258 kB | 0.3/3.3 MBProgress (4): 131/210 kB | 117/158 kB | 115/258 kB | 0.3/3.3 MBProgress (4): 131/210 kB | 117/158 kB | 119/258 kB | 0.3/3.3 MBProgress (4): 131/210 kB | 121/158 kB | 119/258 kB | 0.3/3.3 MBProgress (4): 131/210 kB | 121/158 kB | 123/258 kB | 0.3/3.3 MBProgress (4): 131/210 kB | 125/158 kB | 123/258 kB | 0.3/3.3 MBProgress (4): 135/210 kB | 125/158 kB | 123/258 kB | 0.3/3.3 MBProgress (4): 135/210 kB | 125/158 kB | 127/258 kB | 0.3/3.3 MBProgress (4): 135/210 kB | 125/158 kB | 127/258 kB | 0.4/3.3 MBProgress (4): 135/210 kB | 125/158 kB | 131/258 kB | 0.4/3.3 MBProgress (4): 140/210 kB | 125/158 kB | 131/258 kB | 0.4/3.3 MBProgress (4): 144/210 kB | 125/158 kB | 131/258 kB | 0.4/3.3 MBProgress (4): 144/210 kB | 125/158 kB | 135/258 kB | 0.4/3.3 MBProgress (4): 144/210 kB | 130/158 kB | 135/258 kB | 0.4/3.3 MBProgress (4): 144/210 kB | 130/158 kB | 140/258 kB | 0.4/3.3 MBProgress (4): 148/210 kB | 130/158 kB | 140/258 kB | 0.4/3.3 MBProgress (4): 148/210 kB | 130/158 kB | 140/258 kB | 0.4/3.3 MBProgress (4): 148/210 kB | 130/158 kB | 144/258 kB | 0.4/3.3 MBProgress (4): 148/210 kB | 130/158 kB | 148/258 kB | 0.4/3.3 MBProgress (4): 152/210 kB | 130/158 kB | 148/258 kB | 0.4/3.3 MBProgress (4): 156/210 kB | 130/158 kB | 148/258 kB | 0.4/3.3 MBProgress (4): 160/210 kB | 130/158 kB | 148/258 kB | 0.4/3.3 MBProgress (4): 164/210 kB | 130/158 kB | 148/258 kB | 0.4/3.3 MBProgress (4): 168/210 kB | 130/158 kB | 148/258 kB | 0.4/3.3 MBProgress (4): 172/210 kB | 130/158 kB | 148/258 kB | 0.4/3.3 MBProgress (4): 176/210 kB | 130/158 kB | 148/258 kB | 0.4/3.3 MBProgress (4): 180/210 kB | 130/158 kB | 148/258 kB | 0.4/3.3 MBProgress (4): 185/210 kB | 130/158 kB | 148/258 kB | 0.4/3.3 MBProgress (4): 189/210 kB | 130/158 kB | 148/258 kB | 0.4/3.3 MBProgress (4): 193/210 kB | 130/158 kB | 148/258 kB | 0.4/3.3 MBProgress (4): 197/210 kB | 130/158 kB | 148/258 kB | 0.4/3.3 MBProgress (4): 201/210 kB | 130/158 kB | 148/258 kB | 0.4/3.3 MBProgress (4): 205/210 kB | 130/158 kB | 148/258 kB | 0.4/3.3 MBProgress (4): 209/210 kB | 130/158 kB | 148/258 kB | 0.4/3.3 MBProgress (4): 210 kB | 130/158 kB | 148/258 kB | 0.4/3.3 MB    Progress (5): 210 kB | 130/158 kB | 148/258 kB | 0.4/3.3 MB | 2.7/678 kBProgress (5): 210 kB | 130/158 kB | 148/258 kB | 0.4/3.3 MB | 5.5/678 kBProgress (5): 210 kB | 130/158 kB | 148/258 kB | 0.4/3.3 MB | 8.2/678 kBProgress (5): 210 kB | 130/158 kB | 148/258 kB | 0.4/3.3 MB | 11/678 kB Progress (5): 210 kB | 130/158 kB | 148/258 kB | 0.4/3.3 MB | 14/678 kBProgress (5): 210 kB | 130/158 kB | 148/258 kB | 0.4/3.3 MB | 16/678 kBProgress (5): 210 kB | 130/158 kB | 148/258 kB | 0.4/3.3 MB | 19/678 kBProgress (5): 210 kB | 130/158 kB | 148/258 kB | 0.4/3.3 MB | 22/678 kBProgress (5): 210 kB | 134/158 kB | 148/258 kB | 0.4/3.3 MB | 22/678 kBProgress (5): 210 kB | 134/158 kB | 148/258 kB | 0.4/3.3 MB | 25/678 kBProgress (5): 210 kB | 134/158 kB | 152/258 kB | 0.4/3.3 MB | 25/678 kBProgress (5): 210 kB | 134/158 kB | 152/258 kB | 0.4/3.3 MB | 25/678 kBProgress (5): 210 kB | 134/158 kB | 152/258 kB | 0.4/3.3 MB | 25/678 kBProgress (5): 210 kB | 134/158 kB | 156/258 kB | 0.4/3.3 MB | 25/678 kBProgress (5): 210 kB | 134/158 kB | 156/258 kB | 0.4/3.3 MB | 27/678 kBProgress (5): 210 kB | 138/158 kB | 156/258 kB | 0.4/3.3 MB | 27/678 kBProgress (5): 210 kB | 138/158 kB | 160/258 kB | 0.4/3.3 MB | 27/678 kBProgress (5): 210 kB | 138/158 kB | 160/258 kB | 0.4/3.3 MB | 30/678 kBProgress (5): 210 kB | 138/158 kB | 160/258 kB | 0.4/3.3 MB | 30/678 kBProgress (5): 210 kB | 138/158 kB | 164/258 kB | 0.4/3.3 MB | 30/678 kBProgress (5): 210 kB | 142/158 kB | 164/258 kB | 0.4/3.3 MB | 30/678 kBProgress (5): 210 kB | 142/158 kB | 164/258 kB | 0.4/3.3 MB | 33/678 kBProgress (5): 210 kB | 142/158 kB | 164/258 kB | 0.4/3.3 MB | 33/678 kBProgress (5): 210 kB | 142/158 kB | 164/258 kB | 0.4/3.3 MB | 36/678 kBProgress (5): 210 kB | 142/158 kB | 168/258 kB | 0.4/3.3 MB | 36/678 kBProgress (5): 210 kB | 146/158 kB | 168/258 kB | 0.4/3.3 MB | 36/678 kBProgress (5): 210 kB | 146/158 kB | 172/258 kB | 0.4/3.3 MB | 36/678 kBProgress (5): 210 kB | 150/158 kB | 172/258 kB | 0.4/3.3 MB | 36/678 kBProgress (5): 210 kB | 150/158 kB | 176/258 kB | 0.4/3.3 MB | 36/678 kBProgress (5): 210 kB | 154/158 kB | 176/258 kB | 0.4/3.3 MB | 36/678 kBProgress (5): 210 kB | 154/158 kB | 176/258 kB | 0.5/3.3 MB | 36/678 kBProgress (5): 210 kB | 154/158 kB | 176/258 kB | 0.5/3.3 MB | 38/678 kBProgress (5): 210 kB | 154/158 kB | 176/258 kB | 0.5/3.3 MB | 41/678 kBProgress (5): 210 kB | 154/158 kB | 176/258 kB | 0.5/3.3 MB | 44/678 kBProgress (5): 210 kB | 154/158 kB | 176/258 kB | 0.5/3.3 MB | 47/678 kBProgress (5): 210 kB | 154/158 kB | 176/258 kB | 0.5/3.3 MB | 49/678 kBProgress (5): 210 kB | 154/158 kB | 180/258 kB | 0.5/3.3 MB | 49/678 kBProgress (5): 210 kB | 154/158 kB | 180/258 kB | 0.5/3.3 MB | 52/678 kBProgress (5): 210 kB | 158 kB | 180/258 kB | 0.5/3.3 MB | 52/678 kB    Progress (5): 210 kB | 158 kB | 180/258 kB | 0.5/3.3 MB | 52/678 kBProgress (5): 210 kB | 158 kB | 185/258 kB | 0.5/3.3 MB | 52/678 kBProgress (5): 210 kB | 158 kB | 185/258 kB | 0.5/3.3 MB | 55/678 kBProgress (5): 210 kB | 158 kB | 189/258 kB | 0.5/3.3 MB | 55/678 kBProgress (5): 210 kB | 158 kB | 189/258 kB | 0.5/3.3 MB | 58/678 kBProgress (5): 210 kB | 158 kB | 193/258 kB | 0.5/3.3 MB | 58/678 kBProgress (5): 210 kB | 158 kB | 193/258 kB | 0.5/3.3 MB | 60/678 kBProgress (5): 210 kB | 158 kB | 193/258 kB | 0.5/3.3 MB | 60/678 kBProgress (5): 210 kB | 158 kB | 193/258 kB | 0.5/3.3 MB | 63/678 kBProgress (5): 210 kB | 158 kB | 197/258 kB | 0.5/3.3 MB | 63/678 kBProgress (5): 210 kB | 158 kB | 197/258 kB | 0.5/3.3 MB | 63/678 kBProgress (5): 210 kB | 158 kB | 201/258 kB | 0.5/3.3 MB | 63/678 kBProgress (5): 210 kB | 158 kB | 201/258 kB | 0.5/3.3 MB | 63/678 kBProgress (5): 210 kB | 158 kB | 201/258 kB | 0.5/3.3 MB | 63/678 kBProgress (5): 210 kB | 158 kB | 201/258 kB | 0.5/3.3 MB | 67/678 kBProgress (5): 210 kB | 158 kB | 201/258 kB | 0.5/3.3 MB | 71/678 kBProgress (5): 210 kB | 158 kB | 205/258 kB | 0.5/3.3 MB | 71/678 kBProgress (5): 210 kB | 158 kB | 205/258 kB | 0.5/3.3 MB | 75/678 kBProgress (5): 210 kB | 158 kB | 205/258 kB | 0.5/3.3 MB | 79/678 kBProgress (5): 210 kB | 158 kB | 205/258 kB | 0.5/3.3 MB | 84/678 kBProgress (5): 210 kB | 158 kB | 205/258 kB | 0.5/3.3 MB | 88/678 kBProgress (5): 210 kB | 158 kB | 205/258 kB | 0.5/3.3 MB | 92/678 kBProgress (5): 210 kB | 158 kB | 209/258 kB | 0.5/3.3 MB | 92/678 kBProgress (5): 210 kB | 158 kB | 209/258 kB | 0.5/3.3 MB | 96/678 kBProgress (5): 210 kB | 158 kB | 209/258 kB | 0.6/3.3 MB | 96/678 kBProgress (5): 210 kB | 158 kB | 209/258 kB | 0.6/3.3 MB | 100/678 kBProgress (5): 210 kB | 158 kB | 213/258 kB | 0.6/3.3 MB | 100/678 kBProgress (5): 210 kB | 158 kB | 213/258 kB | 0.6/3.3 MB | 104/678 kBProgress (5): 210 kB | 158 kB | 213/258 kB | 0.6/3.3 MB | 108/678 kBProgress (5): 210 kB | 158 kB | 213/258 kB | 0.6/3.3 MB | 112/678 kBProgress (5): 210 kB | 158 kB | 217/258 kB | 0.6/3.3 MB | 112/678 kBProgress (5): 210 kB | 158 kB | 217/258 kB | 0.6/3.3 MB | 112/678 kBProgress (5): 210 kB | 158 kB | 221/258 kB | 0.6/3.3 MB | 112/678 kBProgress (5): 210 kB | 158 kB | 221/258 kB | 0.6/3.3 MB | 116/678 kBProgress (5): 210 kB | 158 kB | 226/258 kB | 0.6/3.3 MB | 116/678 kBProgress (5): 210 kB | 158 kB | 226/258 kB | 0.6/3.3 MB | 120/678 kBProgress (5): 210 kB | 158 kB | 230/258 kB | 0.6/3.3 MB | 120/678 kBProgress (5): 210 kB | 158 kB | 230/258 kB | 0.6/3.3 MB | 120/678 kBProgress (5): 210 kB | 158 kB | 230/258 kB | 0.6/3.3 MB | 125/678 kBProgress (5): 210 kB | 158 kB | 230/258 kB | 0.6/3.3 MB | 129/678 kBProgress (5): 210 kB | 158 kB | 234/258 kB | 0.6/3.3 MB | 129/678 kBProgress (5): 210 kB | 158 kB | 234/258 kB | 0.6/3.3 MB | 129/678 kBProgress (5): 210 kB | 158 kB | 238/258 kB | 0.6/3.3 MB | 129/678 kBProgress (5): 210 kB | 158 kB | 238/258 kB | 0.6/3.3 MB | 133/678 kBProgress (5): 210 kB | 158 kB | 242/258 kB | 0.6/3.3 MB | 133/678 kBProgress (5): 210 kB | 158 kB | 242/258 kB | 0.6/3.3 MB | 137/678 kBProgress (5): 210 kB | 158 kB | 242/258 kB | 0.6/3.3 MB | 137/678 kBProgress (5): 210 kB | 158 kB | 242/258 kB | 0.6/3.3 MB | 141/678 kBProgress (5): 210 kB | 158 kB | 246/258 kB | 0.6/3.3 MB | 141/678 kBProgress (5): 210 kB | 158 kB | 246/258 kB | 0.6/3.3 MB | 141/678 kBProgress (5): 210 kB | 158 kB | 246/258 kB | 0.6/3.3 MB | 145/678 kBProgress (5): 210 kB | 158 kB | 246/258 kB | 0.7/3.3 MB | 145/678 kBProgress (5): 210 kB | 158 kB | 250/258 kB | 0.7/3.3 MB | 145/678 kBProgress (5): 210 kB | 158 kB | 254/258 kB | 0.7/3.3 MB | 145/678 kBProgress (5): 210 kB | 158 kB | 258/258 kB | 0.7/3.3 MB | 145/678 kBProgress (5): 210 kB | 158 kB | 258 kB | 0.7/3.3 MB | 145/678 kB                                                                    Downloaded from central: https://repo.maven.apache.org/maven2/org/springframework/boot/spring-boot-test/2.2.2.RELEASE/spring-boot-test-2.2.2.RELEASE.jar (210 kB at 151 kB/s)
Progress (4): 158 kB | 258 kB | 0.7/3.3 MB | 149/678 kBProgress (4): 158 kB | 258 kB | 0.7/3.3 MB | 153/678 kBProgress (4): 158 kB | 258 kB | 0.7/3.3 MB | 157/678 kBProgress (4): 158 kB | 258 kB | 0.7/3.3 MB | 161/678 kBProgress (4): 158 kB | 258 kB | 0.7/3.3 MB | 161/678 kBProgress (4): 158 kB | 258 kB | 0.7/3.3 MB | 165/678 kBProgress (4): 158 kB | 258 kB | 0.7/3.3 MB | 170/678 kBProgress (4): 158 kB | 258 kB | 0.7/3.3 MB | 174/678 kBProgress (4): 158 kB | 258 kB | 0.7/3.3 MB | 178/678 kBProgress (4): 158 kB | 258 kB | 0.7/3.3 MB | 182/678 kBProgress (4): 158 kB | 258 kB | 0.7/3.3 MB | 186/678 kBProgress (4): 158 kB | 258 kB | 0.7/3.3 MB | 190/678 kBProgress (4): 158 kB | 258 kB | 0.7/3.3 MB | 194/678 kBProgress (4): 158 kB | 258 kB | 0.7/3.3 MB | 198/678 kBProgress (4): 158 kB | 258 kB | 0.7/3.3 MB | 202/678 kBProgress (4): 158 kB | 258 kB | 0.7/3.3 MB | 206/678 kBProgress (4): 158 kB | 258 kB | 0.7/3.3 MB | 206/678 kBProgress (4): 158 kB | 258 kB | 0.7/3.3 MB | 211/678 kBProgress (4): 158 kB | 258 kB | 0.7/3.3 MB | 215/678 kBProgress (4): 158 kB | 258 kB | 0.7/3.3 MB | 219/678 kBProgress (4): 158 kB | 258 kB | 0.7/3.3 MB | 219/678 kBProgress (4): 158 kB | 258 kB | 0.7/3.3 MB | 223/678 kBProgress (4): 158 kB | 258 kB | 0.7/3.3 MB | 223/678 kBProgress (4): 158 kB | 258 kB | 0.7/3.3 MB | 227/678 kBProgress (4): 158 kB | 258 kB | 0.7/3.3 MB | 231/678 kBProgress (4): 158 kB | 258 kB | 0.7/3.3 MB | 235/678 kBProgress (4): 158 kB | 258 kB | 0.7/3.3 MB | 235/678 kBProgress (4): 158 kB | 258 kB | 0.7/3.3 MB | 239/678 kBProgress (4): 158 kB | 258 kB | 0.7/3.3 MB | 243/678 kBProgress (4): 158 kB | 258 kB | 0.7/3.3 MB | 247/678 kBProgress (4): 158 kB | 258 kB | 0.8/3.3 MB | 247/678 kBProgress (4): 158 kB | 258 kB | 0.8/3.3 MB | 251/678 kBProgress (4): 158 kB | 258 kB | 0.8/3.3 MB | 256/678 kBProgress (4): 158 kB | 258 kB | 0.8/3.3 MB | 260/678 kBProgress (4): 158 kB | 258 kB | 0.8/3.3 MB | 260/678 kBProgress (4): 158 kB | 258 kB | 0.8/3.3 MB | 264/678 kBProgress (4): 158 kB | 258 kB | 0.8/3.3 MB | 268/678 kBProgress (4): 158 kB | 258 kB | 0.8/3.3 MB | 268/678 kBProgress (4): 158 kB | 258 kB | 0.8/3.3 MB | 272/678 kBProgress (4): 158 kB | 258 kB | 0.8/3.3 MB | 276/678 kBProgress (4): 158 kB | 258 kB | 0.8/3.3 MB | 280/678 kBProgress (4): 158 kB | 258 kB | 0.8/3.3 MB | 284/678 kBProgress (4): 158 kB | 258 kB | 0.8/3.3 MB | 284/678 kBProgress (4): 158 kB | 258 kB | 0.8/3.3 MB | 284/678 kBProgress (4): 158 kB | 258 kB | 0.8/3.3 MB | 284/678 kBProgress (4): 158 kB | 258 kB | 0.9/3.3 MB | 284/678 kBProgress (4): 158 kB | 258 kB | 0.9/3.3 MB | 284/678 kB                                                       Downloaded from central: https://repo.maven.apache.org/maven2/org/springframework/boot/spring-boot-test-autoconfigure/2.2.2.RELEASE/spring-boot-test-autoconfigure-2.2.2.RELEASE.jar (158 kB at 112 kB/s)
Progress (3): 258 kB | 0.9/3.3 MB | 288/678 kBProgress (3): 258 kB | 0.9/3.3 MB | 288/678 kBProgress (3): 258 kB | 0.9/3.3 MB | 292/678 kBProgress (3): 258 kB | 0.9/3.3 MB | 297/678 kBProgress (3): 258 kB | 0.9/3.3 MB | 301/678 kBProgress (3): 258 kB | 0.9/3.3 MB | 305/678 kBProgress (3): 258 kB | 0.9/3.3 MB | 309/678 kBProgress (3): 258 kB | 0.9/3.3 MB | 313/678 kBProgress (3): 258 kB | 0.9/3.3 MB | 317/678 kBProgress (3): 258 kB | 0.9/3.3 MB | 317/678 kBProgress (3): 258 kB | 0.9/3.3 MB | 321/678 kBProgress (3): 258 kB | 0.9/3.3 MB | 325/678 kBProgress (3): 258 kB | 0.9/3.3 MB | 329/678 kBProgress (3): 258 kB | 0.9/3.3 MB | 333/678 kBProgress (3): 258 kB | 0.9/3.3 MB | 337/678 kBProgress (3): 258 kB | 0.9/3.3 MB | 342/678 kBProgress (3): 258 kB | 0.9/3.3 MB | 342/678 kBProgress (3): 258 kB | 0.9/3.3 MB | 346/678 kBProgress (3): 258 kB | 0.9/3.3 MB | 350/678 kBProgress (3): 258 kB | 0.9/3.3 MB | 350/678 kBProgress (3): 258 kB | 0.9/3.3 MB | 354/678 kBProgress (3): 258 kB | 0.9/3.3 MB | 358/678 kBProgress (3): 258 kB | 0.9/3.3 MB | 362/678 kBProgress (3): 258 kB | 0.9/3.3 MB | 366/678 kBProgress (3): 258 kB | 1.0/3.3 MB | 366/678 kBProgress (3): 258 kB | 1.0/3.3 MB | 370/678 kBProgress (3): 258 kB | 1.0/3.3 MB | 374/678 kBProgress (3): 258 kB | 1.0/3.3 MB | 378/678 kBProgress (3): 258 kB | 1.0/3.3 MB | 383/678 kBProgress (3): 258 kB | 1.0/3.3 MB | 387/678 kBProgress (3): 258 kB | 1.0/3.3 MB | 391/678 kBProgress (3): 258 kB | 1.0/3.3 MB | 395/678 kBProgress (3): 258 kB | 1.0/3.3 MB | 399/678 kBProgress (3): 258 kB | 1.0/3.3 MB | 403/678 kBProgress (3): 258 kB | 1.0/3.3 MB | 407/678 kBProgress (3): 258 kB | 1.0/3.3 MB | 411/678 kBProgress (3): 258 kB | 1.0/3.3 MB | 415/678 kBProgress (3): 258 kB | 1.0/3.3 MB | 419/678 kBProgress (3): 258 kB | 1.0/3.3 MB | 424/678 kBProgress (3): 258 kB | 1.0/3.3 MB | 428/678 kBProgress (3): 258 kB | 1.0/3.3 MB | 432/678 kBProgress (3): 258 kB | 1.0/3.3 MB | 436/678 kBProgress (3): 258 kB | 1.0/3.3 MB | 440/678 kBProgress (3): 258 kB | 1.0/3.3 MB | 444/678 kBProgress (3): 258 kB | 1.0/3.3 MB | 448/678 kBProgress (3): 258 kB | 1.0/3.3 MB | 448/678 kBProgress (3): 258 kB | 1.0/3.3 MB | 452/678 kBProgress (3): 258 kB | 1.0/3.3 MB | 456/678 kBProgress (3): 258 kB | 1.0/3.3 MB | 456/678 kBProgress (3): 258 kB | 1.0/3.3 MB | 460/678 kBProgress (3): 258 kB | 1.0/3.3 MB | 464/678 kBProgress (3): 258 kB | 1.0/3.3 MB | 464/678 kBProgress (3): 258 kB | 1.0/3.3 MB | 469/678 kBProgress (3): 258 kB | 1.0/3.3 MB | 473/678 kBProgress (3): 258 kB | 1.0/3.3 MB | 477/678 kBProgress (3): 258 kB | 1.0/3.3 MB | 481/678 kBProgress (3): 258 kB | 1.0/3.3 MB | 481/678 kBProgress (3): 258 kB | 1.0/3.3 MB | 485/678 kBProgress (3): 258 kB | 1.0/3.3 MB | 489/678 kBProgress (3): 258 kB | 1.0/3.3 MB | 493/678 kBProgress (3): 258 kB | 1.0/3.3 MB | 493/678 kBProgress (3): 258 kB | 1.0/3.3 MB | 497/678 kBProgress (3): 258 kB | 1.0/3.3 MB | 501/678 kBProgress (3): 258 kB | 1.0/3.3 MB | 505/678 kBProgress (3): 258 kB | 1.0/3.3 MB | 510/678 kBProgress (3): 258 kB | 1.0/3.3 MB | 514/678 kBProgress (3): 258 kB | 1.0/3.3 MB | 518/678 kBProgress (3): 258 kB | 1.0/3.3 MB | 522/678 kBProgress (3): 258 kB | 1.0/3.3 MB | 526/678 kBProgress (3): 258 kB | 1.0/3.3 MB | 530/678 kBProgress (3): 258 kB | 1.1/3.3 MB | 530/678 kBProgress (3): 258 kB | 1.1/3.3 MB | 530/678 kBProgress (3): 258 kB | 1.1/3.3 MB | 530/678 kBProgress (3): 258 kB | 1.1/3.3 MB | 534/678 kBProgress (3): 258 kB | 1.1/3.3 MB | 538/678 kBProgress (3): 258 kB | 1.1/3.3 MB | 542/678 kBProgress (3): 258 kB | 1.1/3.3 MB | 542/678 kBProgress (3): 258 kB | 1.1/3.3 MB | 546/678 kBProgress (3): 258 kB | 1.1/3.3 MB | 550/678 kBProgress (3): 258 kB | 1.1/3.3 MB | 555/678 kBProgress (3): 258 kB | 1.1/3.3 MB | 559/678 kB                                              Downloaded from central: https://repo.maven.apache.org/maven2/net/bytebuddy/byte-buddy-agent/1.10.4/byte-buddy-agent-1.10.4.jar (258 kB at 174 kB/s)
Progress (2): 1.1/3.3 MB | 559/678 kBProgress (2): 1.1/3.3 MB | 563/678 kBProgress (2): 1.1/3.3 MB | 567/678 kBProgress (2): 1.1/3.3 MB | 571/678 kBProgress (2): 1.1/3.3 MB | 575/678 kBProgress (2): 1.1/3.3 MB | 575/678 kBProgress (2): 1.1/3.3 MB | 579/678 kBProgress (2): 1.1/3.3 MB | 583/678 kBProgress (2): 1.1/3.3 MB | 587/678 kBProgress (2): 1.1/3.3 MB | 591/678 kBProgress (2): 1.1/3.3 MB | 596/678 kBProgress (2): 1.1/3.3 MB | 600/678 kBProgress (2): 1.1/3.3 MB | 604/678 kBProgress (2): 1.2/3.3 MB | 604/678 kBProgress (2): 1.2/3.3 MB | 608/678 kBProgress (2): 1.2/3.3 MB | 608/678 kBProgress (2): 1.2/3.3 MB | 612/678 kBProgress (2): 1.2/3.3 MB | 616/678 kBProgress (2): 1.2/3.3 MB | 620/678 kBProgress (2): 1.2/3.3 MB | 624/678 kBProgress (2): 1.2/3.3 MB | 624/678 kBProgress (2): 1.2/3.3 MB | 628/678 kBProgress (2): 1.2/3.3 MB | 632/678 kBProgress (2): 1.2/3.3 MB | 637/678 kBProgress (2): 1.2/3.3 MB | 637/678 kBProgress (2): 1.2/3.3 MB | 641/678 kBProgress (2): 1.2/3.3 MB | 645/678 kBProgress (2): 1.2/3.3 MB | 645/678 kBProgress (2): 1.2/3.3 MB | 649/678 kBProgress (2): 1.2/3.3 MB | 653/678 kBProgress (2): 1.2/3.3 MB | 657/678 kBProgress (2): 1.3/3.3 MB | 657/678 kBProgress (2): 1.3/3.3 MB | 657/678 kBProgress (2): 1.3/3.3 MB | 661/678 kBProgress (2): 1.3/3.3 MB | 661/678 kBProgress (2): 1.3/3.3 MB | 665/678 kBProgress (2): 1.3/3.3 MB | 669/678 kBProgress (2): 1.3/3.3 MB | 673/678 kBProgress (2): 1.3/3.3 MB | 673/678 kBProgress (2): 1.3/3.3 MB | 673/678 kBProgress (2): 1.3/3.3 MB | 673/678 kBProgress (2): 1.3/3.3 MB | 677/678 kBProgress (2): 1.3/3.3 MB | 678 kB    Progress (2): 1.3/3.3 MB | 678 kBProgress (2): 1.4/3.3 MB | 678 kBProgress (2): 1.4/3.3 MB | 678 kBProgress (2): 1.4/3.3 MB | 678 kBProgress (2): 1.4/3.3 MB | 678 kBProgress (2): 1.4/3.3 MB | 678 kBProgress (2): 1.4/3.3 MB | 678 kBProgress (2): 1.5/3.3 MB | 678 kBProgress (2): 1.5/3.3 MB | 678 kBProgress (2): 1.5/3.3 MB | 678 kBProgress (2): 1.5/3.3 MB | 678 kBProgress (2): 1.5/3.3 MB | 678 kBProgress (2): 1.6/3.3 MB | 678 kBProgress (2): 1.6/3.3 MB | 678 kBProgress (2): 1.6/3.3 MB | 678 kBProgress (2): 1.6/3.3 MB | 678 kBProgress (2): 1.6/3.3 MB | 678 kBProgress (2): 1.6/3.3 MB | 678 kBProgress (2): 1.6/3.3 MB | 678 kBProgress (2): 1.7/3.3 MB | 678 kBProgress (2): 1.7/3.3 MB | 678 kBProgress (2): 1.7/3.3 MB | 678 kBProgress (2): 1.7/3.3 MB | 678 kBProgress (2): 1.7/3.3 MB | 678 kBProgress (2): 1.8/3.3 MB | 678 kBProgress (2): 1.8/3.3 MB | 678 kBProgress (2): 1.8/3.3 MB | 678 kBProgress (2): 1.8/3.3 MB | 678 kBProgress (2): 1.8/3.3 MB | 678 kBProgress (2): 1.8/3.3 MB | 678 kBProgress (2): 1.9/3.3 MB | 678 kBProgress (2): 1.9/3.3 MB | 678 kBProgress (2): 1.9/3.3 MB | 678 kBProgress (2): 1.9/3.3 MB | 678 kBProgress (2): 1.9/3.3 MB | 678 kBProgress (2): 1.9/3.3 MB | 678 kBProgress (2): 2.0/3.3 MB | 678 kB                                 Downloaded from central: https://repo.maven.apache.org/maven2/org/springframework/spring-test/5.2.2.RELEASE/spring-test-5.2.2.RELEASE.jar (678 kB at 427 kB/s)
Progress (1): 2.0/3.3 MBProgress (1): 2.0/3.3 MBProgress (1): 2.0/3.3 MBProgress (1): 2.0/3.3 MBProgress (1): 2.0/3.3 MBProgress (1): 2.1/3.3 MBProgress (1): 2.1/3.3 MBProgress (1): 2.1/3.3 MBProgress (1): 2.1/3.3 MBProgress (1): 2.1/3.3 MBProgress (1): 2.1/3.3 MBProgress (1): 2.1/3.3 MBProgress (1): 2.2/3.3 MBProgress (1): 2.2/3.3 MBProgress (1): 2.2/3.3 MBProgress (1): 2.2/3.3 MBProgress (1): 2.2/3.3 MBProgress (1): 2.3/3.3 MBProgress (1): 2.3/3.3 MBProgress (1): 2.3/3.3 MBProgress (1): 2.3/3.3 MBProgress (1): 2.3/3.3 MBProgress (1): 2.3/3.3 MBProgress (1): 2.4/3.3 MBProgress (1): 2.4/3.3 MBProgress (1): 2.4/3.3 MBProgress (1): 2.4/3.3 MBProgress (1): 2.4/3.3 MBProgress (1): 2.4/3.3 MBProgress (1): 2.5/3.3 MBProgress (1): 2.5/3.3 MBProgress (1): 2.5/3.3 MBProgress (1): 2.5/3.3 MBProgress (1): 2.5/3.3 MBProgress (1): 2.5/3.3 MBProgress (1): 2.6/3.3 MBProgress (1): 2.6/3.3 MBProgress (1): 2.6/3.3 MBProgress (1): 2.6/3.3 MBProgress (1): 2.6/3.3 MBProgress (1): 2.6/3.3 MBProgress (1): 2.7/3.3 MBProgress (1): 2.7/3.3 MBProgress (1): 2.7/3.3 MBProgress (1): 2.7/3.3 MBProgress (1): 2.7/3.3 MBProgress (1): 2.7/3.3 MBProgress (1): 2.8/3.3 MBProgress (1): 2.8/3.3 MBProgress (1): 2.8/3.3 MBProgress (1): 2.8/3.3 MBProgress (1): 2.8/3.3 MBProgress (1): 2.8/3.3 MBProgress (1): 2.9/3.3 MBProgress (1): 2.9/3.3 MBProgress (1): 2.9/3.3 MBProgress (1): 2.9/3.3 MBProgress (1): 2.9/3.3 MBProgress (1): 2.9/3.3 MBProgress (1): 3.0/3.3 MBProgress (1): 3.0/3.3 MBProgress (1): 3.0/3.3 MBProgress (1): 3.0/3.3 MBProgress (1): 3.0/3.3 MBProgress (1): 3.0/3.3 MBProgress (1): 3.1/3.3 MBProgress (1): 3.1/3.3 MBProgress (1): 3.1/3.3 MBProgress (1): 3.1/3.3 MBProgress (1): 3.1/3.3 MBProgress (1): 3.1/3.3 MBProgress (1): 3.2/3.3 MBProgress (1): 3.2/3.3 MBProgress (1): 3.2/3.3 MBProgress (1): 3.2/3.3 MBProgress (1): 3.2/3.3 MBProgress (1): 3.2/3.3 MBProgress (1): 3.3/3.3 MBProgress (1): 3.3/3.3 MBProgress (1): 3.3/3.3 MBProgress (1): 3.3/3.3 MBProgress (1): 3.3/3.3 MBProgress (1): 3.3 MB                        Downloaded from central: https://repo.maven.apache.org/maven2/net/bytebuddy/byte-buddy/1.10.4/byte-buddy-1.10.4.jar (3.3 MB at 1.8 MB/s)
[INFO] 
[8mha:////4BIjXapO6myWE71GwC9ElrV/aAWQZfT/O2dCOZvFkPZSAAAAYB+LCAAAAAAAAP9b85aBtbiIQSmjNKU4P0+vJLE4u1gvPjexLDVPzxdEGvvmZ+X75Zek2mxOX+vh68DGxMBQUcQgBdWQnJ9XnJ+TqucMoUEKGSCAEaSwAAAn9LoiYAAAAA==[0m[INFO] --- maven-resources-plugin:3.1.0:resources (default-resources) @ webapp ---
[INFO] Using 'UTF-8' encoding to copy filtered resources.
[INFO] Copying 1 resource
[INFO] Copying 0 resource
[INFO] 
[8mha:////4BIjXapO6myWE71GwC9ElrV/aAWQZfT/O2dCOZvFkPZSAAAAYB+LCAAAAAAAAP9b85aBtbiIQSmjNKU4P0+vJLE4u1gvPjexLDVPzxdEGvvmZ+X75Zek2mxOX+vh68DGxMBQUcQgBdWQnJ9XnJ+TqucMoUEKGSCAEaSwAAAn9LoiYAAAAA==[0m[INFO] --- maven-compiler-plugin:3.8.1:compile (default-compile) @ webapp ---
[INFO] Changes detected - recompiling the module!
[INFO] Compiling 1 source file to /home/labsuser/jenkins/workspace/p1-j2-test/target/classes
[INFO] 
[8mha:////4BIjXapO6myWE71GwC9ElrV/aAWQZfT/O2dCOZvFkPZSAAAAYB+LCAAAAAAAAP9b85aBtbiIQSmjNKU4P0+vJLE4u1gvPjexLDVPzxdEGvvmZ+X75Zek2mxOX+vh68DGxMBQUcQgBdWQnJ9XnJ+TqucMoUEKGSCAEaSwAAAn9LoiYAAAAA==[0m[INFO] --- maven-resources-plugin:3.1.0:testResources (default-testResources) @ webapp ---
[INFO] Using 'UTF-8' encoding to copy filtered resources.
[INFO] skip non existing resourceDirectory /home/labsuser/jenkins/workspace/p1-j2-test/src/test/resources
[INFO] 
[8mha:////4BIjXapO6myWE71GwC9ElrV/aAWQZfT/O2dCOZvFkPZSAAAAYB+LCAAAAAAAAP9b85aBtbiIQSmjNKU4P0+vJLE4u1gvPjexLDVPzxdEGvvmZ+X75Zek2mxOX+vh68DGxMBQUcQgBdWQnJ9XnJ+TqucMoUEKGSCAEaSwAAAn9LoiYAAAAA==[0m[INFO] --- maven-compiler-plugin:3.8.1:testCompile (default-testCompile) @ webapp ---
[INFO] Changes detected - recompiling the module!
[INFO] Compiling 1 source file to /home/labsuser/jenkins/workspace/p1-j2-test/target/test-classes
[INFO] 
[8mha:////4BIjXapO6myWE71GwC9ElrV/aAWQZfT/O2dCOZvFkPZSAAAAYB+LCAAAAAAAAP9b85aBtbiIQSmjNKU4P0+vJLE4u1gvPjexLDVPzxdEGvvmZ+X75Zek2mxOX+vh68DGxMBQUcQgBdWQnJ9XnJ+TqucMoUEKGSCAEaSwAAAn9LoiYAAAAA==[0m[INFO] --- maven-surefire-plugin:2.22.2:test (default-test) @ webapp ---
[INFO] 
[INFO] -------------------------------------------------------
[INFO]  T E S T S
[INFO] -------------------------------------------------------
[INFO] Running com.bookzy.webapp.WebappApplicationTests
14:21:47.004 [main] DEBUG org.springframework.test.context.BootstrapUtils - Instantiating CacheAwareContextLoaderDelegate from class [org.springframework.test.context.cache.DefaultCacheAwareContextLoaderDelegate]
14:21:47.021 [main] DEBUG org.springframework.test.context.BootstrapUtils - Instantiating BootstrapContext using constructor [public org.springframework.test.context.support.DefaultBootstrapContext(java.lang.Class,org.springframework.test.context.CacheAwareContextLoaderDelegate)]
14:21:47.085 [main] DEBUG org.springframework.test.context.BootstrapUtils - Instantiating TestContextBootstrapper for test class [com.bookzy.webapp.WebappApplicationTests] from class [org.springframework.boot.test.context.SpringBootTestContextBootstrapper]
14:21:47.101 [main] INFO org.springframework.boot.test.context.SpringBootTestContextBootstrapper - Neither @ContextConfiguration nor @ContextHierarchy found for test class [com.bookzy.webapp.WebappApplicationTests], using SpringBootContextLoader
14:21:47.106 [main] DEBUG org.springframework.test.context.support.AbstractContextLoader - Did not detect default resource location for test class [com.bookzy.webapp.WebappApplicationTests]: class path resource [com/bookzy/webapp/WebappApplicationTests-context.xml] does not exist
14:21:47.107 [main] DEBUG org.springframework.test.context.support.AbstractContextLoader - Did not detect default resource location for test class [com.bookzy.webapp.WebappApplicationTests]: class path resource [com/bookzy/webapp/WebappApplicationTestsContext.groovy] does not exist
14:21:47.107 [main] INFO org.springframework.test.context.support.AbstractContextLoader - Could not detect default resource locations for test class [com.bookzy.webapp.WebappApplicationTests]: no resource found for suffixes {-context.xml, Context.groovy}.
14:21:47.108 [main] INFO org.springframework.test.context.support.AnnotationConfigContextLoaderUtils - Could not detect default configuration classes for test class [com.bookzy.webapp.WebappApplicationTests]: WebappApplicationTests does not declare any static, non-private, non-final, nested classes annotated with @Configuration.
14:21:47.189 [main] DEBUG org.springframework.test.context.support.ActiveProfilesUtils - Could not find an 'annotation declaring class' for annotation type [org.springframework.test.context.ActiveProfiles] and class [com.bookzy.webapp.WebappApplicationTests]
14:21:47.285 [main] DEBUG org.springframework.context.annotation.ClassPathScanningCandidateComponentProvider - Identified candidate component class: file [/home/labsuser/jenkins/workspace/p1-j2-test/target/classes/com/bookzy/webapp/WebappApplication.class]
14:21:47.288 [main] INFO org.springframework.boot.test.context.SpringBootTestContextBootstrapper - Found @SpringBootConfiguration com.bookzy.webapp.WebappApplication for test class com.bookzy.webapp.WebappApplicationTests
14:21:47.417 [main] DEBUG org.springframework.boot.test.context.SpringBootTestContextBootstrapper - @TestExecutionListeners is not present for class [com.bookzy.webapp.WebappApplicationTests]: using defaults.
14:21:47.418 [main] INFO org.springframework.boot.test.context.SpringBootTestContextBootstrapper - Loaded default TestExecutionListener class names from location [META-INF/spring.factories]: [org.springframework.boot.test.mock.mockito.MockitoTestExecutionListener, org.springframework.boot.test.mock.mockito.ResetMocksTestExecutionListener, org.springframework.boot.test.autoconfigure.restdocs.RestDocsTestExecutionListener, org.springframework.boot.test.autoconfigure.web.client.MockRestServiceServerResetTestExecutionListener, org.springframework.boot.test.autoconfigure.web.servlet.MockMvcPrintOnlyOnFailureTestExecutionListener, org.springframework.boot.test.autoconfigure.web.servlet.WebDriverTestExecutionListener, org.springframework.test.context.web.ServletTestExecutionListener, org.springframework.test.context.support.DirtiesContextBeforeModesTestExecutionListener, org.springframework.test.context.support.DependencyInjectionTestExecutionListener, org.springframework.test.context.support.DirtiesContextTestExecutionListener, org.springframework.test.context.transaction.TransactionalTestExecutionListener, org.springframework.test.context.jdbc.SqlScriptsTestExecutionListener, org.springframework.test.context.event.EventPublishingTestExecutionListener]
14:21:47.429 [main] DEBUG org.springframework.boot.test.context.SpringBootTestContextBootstrapper - Skipping candidate TestExecutionListener [org.springframework.test.context.transaction.TransactionalTestExecutionListener] due to a missing dependency. Specify custom listener classes or make the default listener classes and their required dependencies available. Offending class: [org/springframework/transaction/TransactionDefinition]
14:21:47.430 [main] DEBUG org.springframework.boot.test.context.SpringBootTestContextBootstrapper - Skipping candidate TestExecutionListener [org.springframework.test.context.jdbc.SqlScriptsTestExecutionListener] due to a missing dependency. Specify custom listener classes or make the default listener classes and their required dependencies available. Offending class: [org/springframework/transaction/interceptor/TransactionAttribute]
14:21:47.430 [main] INFO org.springframework.boot.test.context.SpringBootTestContextBootstrapper - Using TestExecutionListeners: [org.springframework.test.context.web.ServletTestExecutionListener@581ac8a8, org.springframework.test.context.support.DirtiesContextBeforeModesTestExecutionListener@6d4e5011, org.springframework.boot.test.mock.mockito.MockitoTestExecutionListener@57d7f8ca, org.springframework.boot.test.autoconfigure.SpringBootDependencyInjectionTestExecutionListener@76c3e77a, org.springframework.test.context.support.DirtiesContextTestExecutionListener@78123e82, org.springframework.test.context.event.EventPublishingTestExecutionListener@67c33749, org.springframework.boot.test.mock.mockito.ResetMocksTestExecutionListener@fba92d3, org.springframework.boot.test.autoconfigure.restdocs.RestDocsTestExecutionListener@662b4c69, org.springframework.boot.test.autoconfigure.web.client.MockRestServiceServerResetTestExecutionListener@fa49800, org.springframework.boot.test.autoconfigure.web.servlet.MockMvcPrintOnlyOnFailureTestExecutionListener@71238fc2, org.springframework.boot.test.autoconfigure.web.servlet.WebDriverTestExecutionListener@2a54a73f]
14:21:47.434 [main] DEBUG org.springframework.test.context.support.AbstractDirtiesContextTestExecutionListener - Before test class: context [DefaultTestContext@7133da86 testClass = WebappApplicationTests, testInstance = [null], testMethod = [null], testException = [null], mergedContextConfiguration = [WebMergedContextConfiguration@3232a28a testClass = WebappApplicationTests, locations = '{}', classes = '{class com.bookzy.webapp.WebappApplication}', contextInitializerClasses = '[]', activeProfiles = '{}', propertySourceLocations = '{}', propertySourceProperties = '{org.springframework.boot.test.context.SpringBootTestContextBootstrapper=true}', contextCustomizers = set[org.springframework.boot.test.context.filter.ExcludeFilterContextCustomizer@2f112965, org.springframework.boot.test.json.DuplicateJsonObjectContextCustomizerFactory$DuplicateJsonObjectContextCustomizer@d4342c2, org.springframework.boot.test.mock.mockito.MockitoContextCustomizer@0, org.springframework.boot.test.web.client.TestRestTemplateContextCustomizer@1f0f1111, org.springframework.boot.test.autoconfigure.properties.PropertyMappingContextCustomizer@0, org.springframework.boot.test.autoconfigure.web.servlet.WebDriverContextCustomizerFactory$Customizer@47d90b9e], resourceBasePath = 'src/main/webapp', contextLoader = 'org.springframework.boot.test.context.SpringBootContextLoader', parent = [null]], attributes = map['org.springframework.test.context.web.ServletTestExecutionListener.activateListener' -> true]], class annotated with @DirtiesContext [false] with mode [null].
14:21:47.496 [main] DEBUG org.springframework.test.context.support.TestPropertySourceUtils - Adding inlined properties to environment: {spring.jmx.enabled=false, org.springframework.boot.test.context.SpringBootTestContextBootstrapper=true, server.port=-1}

  .   ____          _            __ _ _
 /\\ / ___'_ __ _ _(_)_ __  __ _ \ \ \ \
( ( )\___ | '_ | '_| | '_ \/ _` | \ \ \ \
 \\/  ___)| |_)| | | | | || (_| |  ) ) ) )
  '  |____| .__|_| |_|_| |_\__, | / / / /
 =========|_|==============|___/=/_/_/_/
 :: Spring Boot ::        (v2.2.2.RELEASE)

2021-09-05 14:21:48.138  INFO 4179 --- [           main] c.bookzy.webapp.WebappApplicationTests   : Starting WebappApplicationTests on ubuntu1804 with PID 4179 (started by labsuser in /home/labsuser/jenkins/workspace/p1-j2-test)
2021-09-05 14:21:48.139  INFO 4179 --- [           main] c.bookzy.webapp.WebappApplicationTests   : No active profile set, falling back to default profiles: default
2021-09-05 14:21:50.511  INFO 4179 --- [           main] o.s.s.concurrent.ThreadPoolTaskExecutor  : Initializing ExecutorService 'applicationTaskExecutor'
2021-09-05 14:21:50.917  INFO 4179 --- [           main] c.bookzy.webapp.WebappApplicationTests   : Started WebappApplicationTests in 3.412 seconds (JVM running for 4.939)
[INFO] Tests run: 1, Failures: 0, Errors: 0, Skipped: 0, Time elapsed: 4.338 s - in com.bookzy.webapp.WebappApplicationTests
2021-09-05 14:21:51.304  INFO 4179 --- [extShutdownHook] o.s.s.concurrent.ThreadPoolTaskExecutor  : Shutting down ExecutorService 'applicationTaskExecutor'
[INFO] 
[INFO] Results:
[INFO] 
[INFO] Tests run: 1, Failures: 0, Errors: 0, Skipped: 0
[INFO] 
[INFO] ------------------------------------------------------------------------
[INFO] BUILD SUCCESS
[INFO] ------------------------------------------------------------------------
[INFO] Total time:  14.143 s
[INFO] Finished at: 2021-09-05T14:21:51Z
[INFO] ------------------------------------------------------------------------
Recording test results
ERROR: Step â€˜Publish JUnit test result reportâ€™ aborted due to exception: 
org.xml.sax.SAXParseException; lineNumber: 1; columnNumber: 1; Content is not allowed in prolog.
	at java.xml/com.sun.org.apache.xerces.internal.util.ErrorHandlerWrapper.createSAXParseException(ErrorHandlerWrapper.java:204)
	at java.xml/com.sun.org.apache.xerces.internal.util.ErrorHandlerWrapper.fatalError(ErrorHandlerWrapper.java:178)
	at java.xml/com.sun.org.apache.xerces.internal.impl.XMLErrorReporter.reportError(XMLErrorReporter.java:400)
	at java.xml/com.sun.org.apache.xerces.internal.impl.XMLErrorReporter.reportError(XMLErrorReporter.java:327)
	at java.xml/com.sun.org.apache.xerces.internal.impl.XMLScanner.reportFatalError(XMLScanner.java:1471)
	at java.xml/com.sun.org.apache.xerces.internal.impl.XMLDocumentScannerImpl$PrologDriver.next(XMLDocumentScannerImpl.java:978)
	at java.xml/com.sun.org.apache.xerces.internal.impl.XMLDocumentScannerImpl.next(XMLDocumentScannerImpl.java:605)
	at java.xml/com.sun.org.apache.xerces.internal.impl.XMLNSDocumentScannerImpl.next(XMLNSDocumentScannerImpl.java:112)
	at java.xml/com.sun.org.apache.xerces.internal.impl.XMLDocumentFragmentScannerImpl.scanDocument(XMLDocumentFragmentScannerImpl.java:534)
	at java.xml/com.sun.org.apache.xerces.internal.parsers.XML11Configuration.parse(XML11Configuration.java:888)
	at java.xml/com.sun.org.apache.xerces.internal.parsers.XML11Configuration.parse(XML11Configuration.java:824)
	at java.xml/com.sun.org.apache.xerces.internal.parsers.XMLParser.parse(XMLParser.java:141)
	at java.xml/com.sun.org.apache.xerces.internal.parsers.AbstractSAXParser.parse(AbstractSAXParser.java:1216)
	at java.xml/com.sun.org.apache.xerces.internal.jaxp.SAXParserImpl$JAXPSAXParser.parse(SAXParserImpl.java:635)
	at org.dom4j.io.SAXReader.read(SAXReader.java:494)
Caused: org.dom4j.DocumentException: Error on line 1 of document  : Content is not allowed in prolog.
	at org.dom4j.io.SAXReader.read(SAXReader.java:511)
	at org.dom4j.io.SAXReader.read(SAXReader.java:392)
	at hudson.tasks.junit.SuiteResult.parse(SuiteResult.java:178)
	at hudson.tasks.junit.TestResult.parse(TestResult.java:378)
Caused: java.io.IOException: Failed to read /home/labsuser/jenkins/workspace/p1-j2-test/HELP.md
Is this really a JUnit report file? Your configuration must be matching too many files
	at hudson.tasks.junit.TestResult.parse(TestResult.java:386)
	at hudson.tasks.junit.TestResult.parsePossiblyEmpty(TestResult.java:308)
	at hudson.tasks.junit.TestResult.parse(TestResult.java:224)
	at hudson.tasks.junit.TestResult.parse(TestResult.java:196)
	at hudson.tasks.junit.TestResult.<init>(TestResult.java:151)
	at hudson.tasks.junit.JUnitParser$ParseResultCallable.invoke(JUnitParser.java:144)
	at hudson.FilePath.act(FilePath.java:1172)
	at hudson.FilePath.act(FilePath.java:1155)
	at hudson.tasks.junit.JUnitParser.parseResult(JUnitParser.java:107)
	at hudson.tasks.junit.JUnitResultArchiver.parse(JUnitResultArchiver.java:153)
	at hudson.tasks.junit.JUnitResultArchiver.parseAndSummarize(JUnitResultArchiver.java:247)
	at hudson.tasks.junit.JUnitResultArchiver.perform(JUnitResultArchiver.java:170)
	at jenkins.tasks.SimpleBuildStep.perform(SimpleBuildStep.java:123)
	at hudson.tasks.BuildStepCompatibilityLayer.perform(BuildStepCompatibilityLayer.java:81)
	at hudson.tasks.BuildStepMonitor$1.perform(BuildStepMonitor.java:21)
	at hudson.model.AbstractBuild$AbstractBuildExecution.perform(AbstractBuild.java:808)
	at hudson.model.AbstractBuild$AbstractBuildExecution.performAllBuildSteps(AbstractBuild.java:757)
	at hudson.model.Build$BuildExecution.post2(Build.java:179)
	at hudson.model.AbstractBuild$AbstractBuildExecution.post(AbstractBuild.java:701)
	at hudson.model.Run.execute(Run.java:1937)
	at hudson.model.FreeStyleBuild.run(FreeStyleBuild.java:43)
	at hudson.model.ResourceController.execute(ResourceController.java:100)
	at hudson.model.Executor.run(Executor.java:433)
Finished: FAILURE
